2018-07-27 19:13:22 DEBUG logging:192 - Logging Provider: org.jboss.logging.Log4jLoggerProvider
2018-07-27 19:13:22 DEBUG BasicTypeRegistry:146 - Adding type registration boolean -> org.hibernate.type.BooleanType@16a90e7a
2018-07-27 19:13:22 DEBUG BasicTypeRegistry:146 - Adding type registration boolean -> org.hibernate.type.BooleanType@16a90e7a
2018-07-27 19:13:22 DEBUG BasicTypeRegistry:146 - Adding type registration java.lang.Boolean -> org.hibernate.type.BooleanType@16a90e7a
2018-07-27 19:13:22 DEBUG BasicTypeRegistry:146 - Adding type registration numeric_boolean -> org.hibernate.type.NumericBooleanType@61772ea9
2018-07-27 19:13:22 DEBUG BasicTypeRegistry:146 - Adding type registration true_false -> org.hibernate.type.TrueFalseType@7c66d5c1
2018-07-27 19:13:22 DEBUG BasicTypeRegistry:146 - Adding type registration yes_no -> org.hibernate.type.YesNoType@520d89b5
2018-07-27 19:13:22 DEBUG BasicTypeRegistry:146 - Adding type registration byte -> org.hibernate.type.ByteType@1de794b6
2018-07-27 19:13:22 DEBUG BasicTypeRegistry:146 - Adding type registration byte -> org.hibernate.type.ByteType@1de794b6
2018-07-27 19:13:22 DEBUG BasicTypeRegistry:146 - Adding type registration java.lang.Byte -> org.hibernate.type.ByteType@1de794b6
2018-07-27 19:13:22 DEBUG BasicTypeRegistry:146 - Adding type registration character -> org.hibernate.type.CharacterType@671c7831
2018-07-27 19:13:22 DEBUG BasicTypeRegistry:146 - Adding type registration char -> org.hibernate.type.CharacterType@671c7831
2018-07-27 19:13:22 DEBUG BasicTypeRegistry:146 - Adding type registration java.lang.Character -> org.hibernate.type.CharacterType@671c7831
2018-07-27 19:13:22 DEBUG BasicTypeRegistry:146 - Adding type registration short -> org.hibernate.type.ShortType@309d86d3
2018-07-27 19:13:22 DEBUG BasicTypeRegistry:146 - Adding type registration short -> org.hibernate.type.ShortType@309d86d3
2018-07-27 19:13:22 DEBUG BasicTypeRegistry:146 - Adding type registration java.lang.Short -> org.hibernate.type.ShortType@309d86d3
2018-07-27 19:13:22 DEBUG BasicTypeRegistry:146 - Adding type registration integer -> org.hibernate.type.IntegerType@55366723
2018-07-27 19:13:22 DEBUG BasicTypeRegistry:146 - Adding type registration int -> org.hibernate.type.IntegerType@55366723
2018-07-27 19:13:22 DEBUG BasicTypeRegistry:146 - Adding type registration java.lang.Integer -> org.hibernate.type.IntegerType@55366723
2018-07-27 19:13:22 DEBUG BasicTypeRegistry:146 - Adding type registration long -> org.hibernate.type.LongType@146dfd2b
2018-07-27 19:13:22 DEBUG BasicTypeRegistry:146 - Adding type registration long -> org.hibernate.type.LongType@146dfd2b
2018-07-27 19:13:22 DEBUG BasicTypeRegistry:146 - Adding type registration java.lang.Long -> org.hibernate.type.LongType@146dfd2b
2018-07-27 19:13:22 DEBUG BasicTypeRegistry:146 - Adding type registration float -> org.hibernate.type.FloatType@3641042e
2018-07-27 19:13:22 DEBUG BasicTypeRegistry:146 - Adding type registration float -> org.hibernate.type.FloatType@3641042e
2018-07-27 19:13:22 DEBUG BasicTypeRegistry:146 - Adding type registration java.lang.Float -> org.hibernate.type.FloatType@3641042e
2018-07-27 19:13:22 DEBUG BasicTypeRegistry:146 - Adding type registration double -> org.hibernate.type.DoubleType@65dcdf7e
2018-07-27 19:13:22 DEBUG BasicTypeRegistry:146 - Adding type registration double -> org.hibernate.type.DoubleType@65dcdf7e
2018-07-27 19:13:22 DEBUG BasicTypeRegistry:146 - Adding type registration java.lang.Double -> org.hibernate.type.DoubleType@65dcdf7e
2018-07-27 19:13:22 DEBUG BasicTypeRegistry:146 - Adding type registration big_decimal -> org.hibernate.type.BigDecimalType@10b9020f
2018-07-27 19:13:22 DEBUG BasicTypeRegistry:146 - Adding type registration java.math.BigDecimal -> org.hibernate.type.BigDecimalType@10b9020f
2018-07-27 19:13:22 DEBUG BasicTypeRegistry:146 - Adding type registration big_integer -> org.hibernate.type.BigIntegerType@1d52efc
2018-07-27 19:13:22 DEBUG BasicTypeRegistry:146 - Adding type registration java.math.BigInteger -> org.hibernate.type.BigIntegerType@1d52efc
2018-07-27 19:13:22 DEBUG BasicTypeRegistry:146 - Adding type registration string -> org.hibernate.type.StringType@702367ac
2018-07-27 19:13:22 DEBUG BasicTypeRegistry:146 - Adding type registration java.lang.String -> org.hibernate.type.StringType@702367ac
2018-07-27 19:13:22 DEBUG BasicTypeRegistry:146 - Adding type registration nstring -> org.hibernate.type.StringNVarcharType@23ab678
2018-07-27 19:13:22 DEBUG BasicTypeRegistry:146 - Adding type registration ncharacter -> org.hibernate.type.CharacterNCharType@5fa7a863
2018-07-27 19:13:22 DEBUG BasicTypeRegistry:146 - Adding type registration url -> org.hibernate.type.UrlType@6828b1a3
2018-07-27 19:13:22 DEBUG BasicTypeRegistry:146 - Adding type registration java.net.URL -> org.hibernate.type.UrlType@6828b1a3
2018-07-27 19:13:22 DEBUG BasicTypeRegistry:146 - Adding type registration date -> org.hibernate.type.DateType@3c337d12
2018-07-27 19:13:22 DEBUG BasicTypeRegistry:146 - Adding type registration java.sql.Date -> org.hibernate.type.DateType@3c337d12
2018-07-27 19:13:22 DEBUG BasicTypeRegistry:146 - Adding type registration time -> org.hibernate.type.TimeType@5c2f88ea
2018-07-27 19:13:22 DEBUG BasicTypeRegistry:146 - Adding type registration java.sql.Time -> org.hibernate.type.TimeType@5c2f88ea
2018-07-27 19:13:22 DEBUG BasicTypeRegistry:146 - Adding type registration timestamp -> org.hibernate.type.TimestampType@6db23558
2018-07-27 19:13:22 DEBUG BasicTypeRegistry:146 - Adding type registration java.sql.Timestamp -> org.hibernate.type.TimestampType@6db23558
2018-07-27 19:13:22 DEBUG BasicTypeRegistry:146 - Adding type registration java.util.Date -> org.hibernate.type.TimestampType@6db23558
2018-07-27 19:13:22 DEBUG BasicTypeRegistry:146 - Adding type registration dbtimestamp -> org.hibernate.type.DbTimestampType@4eb29130
2018-07-27 19:13:22 DEBUG BasicTypeRegistry:146 - Adding type registration calendar -> org.hibernate.type.CalendarType@1c6a05ae
2018-07-27 19:13:22 DEBUG BasicTypeRegistry:146 - Adding type registration java.util.Calendar -> org.hibernate.type.CalendarType@1c6a05ae
2018-07-27 19:13:22 DEBUG BasicTypeRegistry:146 - Adding type registration java.util.GregorianCalendar -> org.hibernate.type.CalendarType@1c6a05ae
2018-07-27 19:13:22 DEBUG BasicTypeRegistry:146 - Adding type registration calendar_date -> org.hibernate.type.CalendarDateType@27e5e1cc
2018-07-27 19:13:22 DEBUG BasicTypeRegistry:146 - Adding type registration locale -> org.hibernate.type.LocaleType@76210d63
2018-07-27 19:13:22 DEBUG BasicTypeRegistry:146 - Adding type registration java.util.Locale -> org.hibernate.type.LocaleType@76210d63
2018-07-27 19:13:22 DEBUG BasicTypeRegistry:146 - Adding type registration currency -> org.hibernate.type.CurrencyType@43843281
2018-07-27 19:13:22 DEBUG BasicTypeRegistry:146 - Adding type registration java.util.Currency -> org.hibernate.type.CurrencyType@43843281
2018-07-27 19:13:22 DEBUG BasicTypeRegistry:146 - Adding type registration timezone -> org.hibernate.type.TimeZoneType@974a5d9
2018-07-27 19:13:22 DEBUG BasicTypeRegistry:146 - Adding type registration java.util.TimeZone -> org.hibernate.type.TimeZoneType@974a5d9
2018-07-27 19:13:22 DEBUG BasicTypeRegistry:146 - Adding type registration class -> org.hibernate.type.ClassType@4100fe1c
2018-07-27 19:13:22 DEBUG BasicTypeRegistry:146 - Adding type registration java.lang.Class -> org.hibernate.type.ClassType@4100fe1c
2018-07-27 19:13:22 DEBUG BasicTypeRegistry:146 - Adding type registration uuid-binary -> org.hibernate.type.UUIDBinaryType@14a81da1
2018-07-27 19:13:22 DEBUG BasicTypeRegistry:146 - Adding type registration java.util.UUID -> org.hibernate.type.UUIDBinaryType@14a81da1
2018-07-27 19:13:22 DEBUG BasicTypeRegistry:146 - Adding type registration uuid-char -> org.hibernate.type.UUIDCharType@16fa69c2
2018-07-27 19:13:22 DEBUG BasicTypeRegistry:146 - Adding type registration pg-uuid -> org.hibernate.type.PostgresUUIDType@5965df0
2018-07-27 19:13:22 DEBUG BasicTypeRegistry:146 - Adding type registration binary -> org.hibernate.type.BinaryType@3c8c74c9
2018-07-27 19:13:22 DEBUG BasicTypeRegistry:146 - Adding type registration byte[] -> org.hibernate.type.BinaryType@3c8c74c9
2018-07-27 19:13:22 DEBUG BasicTypeRegistry:146 - Adding type registration [B -> org.hibernate.type.BinaryType@3c8c74c9
2018-07-27 19:13:22 DEBUG BasicTypeRegistry:146 - Adding type registration wrapper-binary -> org.hibernate.type.WrapperBinaryType@7528b6e6
2018-07-27 19:13:22 DEBUG BasicTypeRegistry:146 - Adding type registration Byte[] -> org.hibernate.type.WrapperBinaryType@7528b6e6
2018-07-27 19:13:22 DEBUG BasicTypeRegistry:146 - Adding type registration [Ljava.lang.Byte; -> org.hibernate.type.WrapperBinaryType@7528b6e6
2018-07-27 19:13:22 DEBUG BasicTypeRegistry:146 - Adding type registration image -> org.hibernate.type.ImageType@3f2c53f0
2018-07-27 19:13:22 DEBUG BasicTypeRegistry:146 - Adding type registration characters -> org.hibernate.type.CharArrayType@58ea7fed
2018-07-27 19:13:22 DEBUG BasicTypeRegistry:146 - Adding type registration char[] -> org.hibernate.type.CharArrayType@58ea7fed
2018-07-27 19:13:22 DEBUG BasicTypeRegistry:146 - Adding type registration [C -> org.hibernate.type.CharArrayType@58ea7fed
2018-07-27 19:13:22 DEBUG BasicTypeRegistry:146 - Adding type registration wrapper-characters -> org.hibernate.type.CharacterArrayType@25f0f99e
2018-07-27 19:13:22 DEBUG BasicTypeRegistry:146 - Adding type registration [Ljava.lang.Character; -> org.hibernate.type.CharacterArrayType@25f0f99e
2018-07-27 19:13:22 DEBUG BasicTypeRegistry:146 - Adding type registration Character[] -> org.hibernate.type.CharacterArrayType@25f0f99e
2018-07-27 19:13:22 DEBUG BasicTypeRegistry:146 - Adding type registration text -> org.hibernate.type.TextType@a398f1d
2018-07-27 19:13:22 DEBUG BasicTypeRegistry:146 - Adding type registration ntext -> org.hibernate.type.NTextType@6178e634
2018-07-27 19:13:22 DEBUG BasicTypeRegistry:146 - Adding type registration blob -> org.hibernate.type.BlobType@1a83c1e9
2018-07-27 19:13:22 DEBUG BasicTypeRegistry:146 - Adding type registration java.sql.Blob -> org.hibernate.type.BlobType@1a83c1e9
2018-07-27 19:13:22 DEBUG BasicTypeRegistry:146 - Adding type registration materialized_blob -> org.hibernate.type.MaterializedBlobType@34c43336
2018-07-27 19:13:22 DEBUG BasicTypeRegistry:146 - Adding type registration clob -> org.hibernate.type.ClobType@4870ca03
2018-07-27 19:13:22 DEBUG BasicTypeRegistry:146 - Adding type registration java.sql.Clob -> org.hibernate.type.ClobType@4870ca03
2018-07-27 19:13:22 DEBUG BasicTypeRegistry:146 - Adding type registration nclob -> org.hibernate.type.NClobType@6f175a6a
2018-07-27 19:13:22 DEBUG BasicTypeRegistry:146 - Adding type registration java.sql.NClob -> org.hibernate.type.NClobType@6f175a6a
2018-07-27 19:13:22 DEBUG BasicTypeRegistry:146 - Adding type registration materialized_clob -> org.hibernate.type.MaterializedClobType@1287cd97
2018-07-27 19:13:22 DEBUG BasicTypeRegistry:146 - Adding type registration materialized_nclob -> org.hibernate.type.MaterializedNClobType@48a8fb9e
2018-07-27 19:13:22 DEBUG BasicTypeRegistry:146 - Adding type registration serializable -> org.hibernate.type.SerializableType@5c361007
2018-07-27 19:13:22 DEBUG BasicTypeRegistry:146 - Adding type registration object -> org.hibernate.type.ObjectType@3e3f41f6
2018-07-27 19:13:22 DEBUG BasicTypeRegistry:146 - Adding type registration java.lang.Object -> org.hibernate.type.ObjectType@3e3f41f6
2018-07-27 19:13:22 DEBUG BasicTypeRegistry:146 - Adding type registration imm_date -> org.hibernate.type.AdaptedImmutableType@463fe359
2018-07-27 19:13:22 DEBUG BasicTypeRegistry:146 - Adding type registration imm_time -> org.hibernate.type.AdaptedImmutableType@2cb3a99
2018-07-27 19:13:22 DEBUG BasicTypeRegistry:146 - Adding type registration imm_timestamp -> org.hibernate.type.AdaptedImmutableType@1aa3368e
2018-07-27 19:13:22 DEBUG BasicTypeRegistry:146 - Adding type registration imm_dbtimestamp -> org.hibernate.type.AdaptedImmutableType@3abf8de3
2018-07-27 19:13:22 DEBUG BasicTypeRegistry:146 - Adding type registration imm_calendar -> org.hibernate.type.AdaptedImmutableType@3a384c6
2018-07-27 19:13:22 DEBUG BasicTypeRegistry:146 - Adding type registration imm_calendar_date -> org.hibernate.type.AdaptedImmutableType@58e769d9
2018-07-27 19:13:22 DEBUG BasicTypeRegistry:146 - Adding type registration imm_binary -> org.hibernate.type.AdaptedImmutableType@5b73330d
2018-07-27 19:13:22 DEBUG BasicTypeRegistry:146 - Adding type registration imm_serializable -> org.hibernate.type.AdaptedImmutableType@1d656d15
2018-07-27 19:13:23 INFO  Version:66 - HCANN000001: Hibernate Commons Annotations {4.0.4.Final}
2018-07-27 19:13:23 INFO  Version:54 - HHH000412: Hibernate Core {4.3.2.Final}
2018-07-27 19:13:23 INFO  Environment:239 - HHH000206: hibernate.properties not found
2018-07-27 19:13:23 INFO  Environment:346 - HHH000021: Bytecode provider name : javassist
2018-07-27 19:13:23 DEBUG DefaultIdentifierGeneratorFactory:93 - Registering IdentifierGenerator strategy [uuid2] -> [org.hibernate.id.UUIDGenerator]
2018-07-27 19:13:23 DEBUG DefaultIdentifierGeneratorFactory:93 - Registering IdentifierGenerator strategy [guid] -> [org.hibernate.id.GUIDGenerator]
2018-07-27 19:13:23 DEBUG DefaultIdentifierGeneratorFactory:93 - Registering IdentifierGenerator strategy [uuid] -> [org.hibernate.id.UUIDHexGenerator]
2018-07-27 19:13:23 DEBUG DefaultIdentifierGeneratorFactory:93 - Registering IdentifierGenerator strategy [uuid.hex] -> [org.hibernate.id.UUIDHexGenerator]
2018-07-27 19:13:23 DEBUG DefaultIdentifierGeneratorFactory:93 - Registering IdentifierGenerator strategy [hilo] -> [org.hibernate.id.TableHiLoGenerator]
2018-07-27 19:13:23 DEBUG DefaultIdentifierGeneratorFactory:93 - Registering IdentifierGenerator strategy [assigned] -> [org.hibernate.id.Assigned]
2018-07-27 19:13:23 DEBUG DefaultIdentifierGeneratorFactory:93 - Registering IdentifierGenerator strategy [identity] -> [org.hibernate.id.IdentityGenerator]
2018-07-27 19:13:23 DEBUG DefaultIdentifierGeneratorFactory:93 - Registering IdentifierGenerator strategy [select] -> [org.hibernate.id.SelectGenerator]
2018-07-27 19:13:23 DEBUG DefaultIdentifierGeneratorFactory:93 - Registering IdentifierGenerator strategy [sequence] -> [org.hibernate.id.SequenceGenerator]
2018-07-27 19:13:23 DEBUG DefaultIdentifierGeneratorFactory:93 - Registering IdentifierGenerator strategy [seqhilo] -> [org.hibernate.id.SequenceHiLoGenerator]
2018-07-27 19:13:23 DEBUG DefaultIdentifierGeneratorFactory:93 - Registering IdentifierGenerator strategy [increment] -> [org.hibernate.id.IncrementGenerator]
2018-07-27 19:13:23 DEBUG DefaultIdentifierGeneratorFactory:93 - Registering IdentifierGenerator strategy [foreign] -> [org.hibernate.id.ForeignGenerator]
2018-07-27 19:13:23 DEBUG DefaultIdentifierGeneratorFactory:93 - Registering IdentifierGenerator strategy [sequence-identity] -> [org.hibernate.id.SequenceIdentityGenerator]
2018-07-27 19:13:23 DEBUG DefaultIdentifierGeneratorFactory:93 - Registering IdentifierGenerator strategy [enhanced-sequence] -> [org.hibernate.id.enhanced.SequenceStyleGenerator]
2018-07-27 19:13:23 DEBUG DefaultIdentifierGeneratorFactory:93 - Registering IdentifierGenerator strategy [enhanced-table] -> [org.hibernate.id.enhanced.TableGenerator]
2018-07-27 19:13:23 INFO  Configuration:2073 - HHH000043: Configuring from resource: /hibernate.cfg.xml
2018-07-27 19:13:23 INFO  Configuration:2092 - HHH000040: Configuration resource: /hibernate.cfg.xml
2018-07-27 19:13:23 DEBUG DTDEntityResolver:69 - Trying to resolve system-id [http://www.hibernate.org/dtd/hibernate-configuration-3.0.dtd]
2018-07-27 19:13:23 DEBUG DTDEntityResolver:71 - Recognized hibernate namespace; attempting to resolve on classpath under org/hibernate/
2018-07-27 19:13:23 DEBUG DTDEntityResolver:108 - Located [http://www.hibernate.org/dtd/hibernate-configuration-3.0.dtd] in classpath
2018-07-27 19:13:23 DEBUG Configuration:2035 - hibernate.dialect=org.hibernate.dialect.MySQLDialect
2018-07-27 19:13:23 DEBUG Configuration:2035 - hibernate.connection.driver_class=com.mysql.jdbc.Driver
2018-07-27 19:13:23 DEBUG Configuration:2035 - hibernate.connection.url=jdbc:mysql://localhost:3306/schoolmanagement
2018-07-27 19:13:23 DEBUG Configuration:2035 - hibernate.connection.username=root
2018-07-27 19:13:23 DEBUG Configuration:2035 - hibernate.connection.password=admin
2018-07-27 19:13:23 DEBUG Configuration:2035 - show_sql=true
2018-07-27 19:13:23 DEBUG Configuration:2274 - Session-factory config [null] named class [com.sms.model.SchoolAdmin] for mapping
2018-07-27 19:13:23 INFO  Configuration:2214 - HHH000041: Configured SessionFactory: null
2018-07-27 19:13:23 DEBUG Configuration:2215 - Properties: {show_sql=true, java.vendor=Oracle Corporation, sun.java.launcher=SUN_STANDARD, catalina.base=D:\RealTimeProject\sms\.metadata\.plugins\org.eclipse.wst.server.core\tmp0, hibernate.connection.url=jdbc:mysql://localhost:3306/schoolmanagement, sun.management.compiler=HotSpot 64-Bit Tiered Compilers, catalina.useNaming=true, os.name=Windows 8.1, sun.boot.class.path=C:\jdk1.8.0_101\jre\lib\resources.jar;C:\jdk1.8.0_101\jre\lib\rt.jar;C:\jdk1.8.0_101\jre\lib\sunrsasign.jar;C:\jdk1.8.0_101\jre\lib\jsse.jar;C:\jdk1.8.0_101\jre\lib\jce.jar;C:\jdk1.8.0_101\jre\lib\charsets.jar;C:\jdk1.8.0_101\jre\lib\jfr.jar;C:\jdk1.8.0_101\jre\classes, sun.desktop=windows, java.vm.specification.vendor=Oracle Corporation, java.runtime.version=1.8.0_101-b13, user.name=Dell, tomcat.util.scan.StandardJarScanFilter.jarsToScan=log4j-web*.jar,log4j-taglib*.jar,log4javascript*.jar,slf4j-taglib*.jar, shared.loader=, tomcat.util.buf.StringCache.byte.enabled=true, user.language=en, java.naming.factory.initial=org.apache.naming.java.javaURLContextFactory, sun.boot.library.path=C:\jdk1.8.0_101\jre\bin, java.version=1.8.0_101, user.timezone=Asia/Calcutta, sun.arch.data.model=64, java.endorsed.dirs=C:\Program Files\Apache Software Foundation\Tomcat 8.0\endorsed, sun.cpu.isalist=amd64, sun.jnu.encoding=Cp1252, file.encoding.pkg=sun.io, package.access=sun.,org.apache.catalina.,org.apache.coyote.,org.apache.jasper.,org.apache.tomcat., file.separator=\, java.specification.name=Java Platform API Specification, java.class.version=52.0, user.country=IN, java.home=C:\jdk1.8.0_101\jre, java.vm.info=mixed mode, os.version=6.3, path.separator=;, java.vm.version=25.101-b13, hibernate.connection.password=admin, user.variant=, java.awt.printerjob=sun.awt.windows.WPrinterJob, sun.io.unicode.encoding=UnicodeLittle, awt.toolkit=sun.awt.windows.WToolkit, hibernate.connection.username=root, package.definition=sun.,java.,org.apache.catalina.,org.apache.coyote.,org.apache.jasper.,org.apache.naming.,org.apache.tomcat., user.script=, java.naming.factory.url.pkgs=org.apache.naming, user.home=C:\Users\Dell, java.specification.vendor=Oracle Corporation, tomcat.util.scan.StandardJarScanFilter.jarsToSkip=bootstrap.jar,commons-daemon.jar,tomcat-juli.jar,annotations-api.jar,el-api.jar,jsp-api.jar,servlet-api.jar,websocket-api.jar,catalina.jar,catalina-ant.jar,catalina-ha.jar,catalina-storeconfig.jar,catalina-tribes.jar,jasper.jar,jasper-el.jar,ecj-*.jar,tomcat-api.jar,tomcat-util.jar,tomcat-util-scan.jar,tomcat-coyote.jar,tomcat-dbcp.jar,tomcat-jni.jar,tomcat-websocket.jar,tomcat-i18n-en.jar,tomcat-i18n-es.jar,tomcat-i18n-fr.jar,tomcat-i18n-ja.jar,tomcat-juli-adapters.jar,catalina-jmx-remote.jar,catalina-ws.jar,tomcat-jdbc.jar,tools.jar,commons-beanutils*.jar,commons-codec*.jar,commons-collections*.jar,commons-dbcp*.jar,commons-digester*.jar,commons-fileupload*.jar,commons-httpclient*.jar,commons-io*.jar,commons-lang*.jar,commons-logging*.jar,commons-math*.jar,commons-pool*.jar,jstl.jar,taglibs-standard-spec-*.jar,geronimo-spec-jaxrpc*.jar,wsdl4j*.jar,ant.jar,ant-junit*.jar,aspectj*.jar,jmx.jar,h2*.jar,hibernate*.jar,httpclient*.jar,jmx-tools.jar,jta*.jar,log4j*.jar,mail*.jar,slf4j*.jar,xercesImpl.jar,xmlParserAPIs.jar,xml-apis.jar,junit.jar,junit-*.jar,ant-launcher.jar,cobertura-*.jar,asm-*.jar,dom4j-*.jar,icu4j-*.jar,jaxen-*.jar,jdom-*.jar,jetty-*.jar,oro-*.jar,servlet-api-*.jar,tagsoup-*.jar,xmlParserAPIs-*.jar,xom-*.jar, java.library.path=C:\jdk1.8.0_101\bin;C:\WINDOWS\Sun\Java\bin;C:\WINDOWS\system32;C:\WINDOWS;C:/Program Files/Java/jre1.8.0_91/bin/server;C:/Program Files/Java/jre1.8.0_91/bin;C:/Program Files/Java/jre1.8.0_91/lib/amd64;C:\oraclexe\app\oracle\product\11.2.0\server\bin;C:\ProgramData\Oracle\Java\javapath;C:\WINDOWS\system32;C:\WINDOWS;C:\WINDOWS\System32\Wbem;C:\WINDOWS\System32\WindowsPowerShell\v1.0\;C:\Program Files\Git\cmd;C:\Program Files\nodejs\;C:\Program Files\MySQL\MySQL Server 5.5\bin;C:\Program Files\Java\jdk1.8.0_91\bin;C:\Users\Dell\AppData\Roaming\npm;C:\Program Files\Microsoft VS Code\bin;D:\MY_FILES\GUNA\Eclipse\eclipse;;., java.vendor.url=http://java.oracle.com/, hibernate.connection.driver_class=com.mysql.jdbc.Driver, java.vm.vendor=Oracle Corporation, hibernate.dialect=org.hibernate.dialect.MySQLDialect, common.loader="${catalina.base}/lib","${catalina.base}/lib/*.jar","${catalina.home}/lib","${catalina.home}/lib/*.jar", java.runtime.name=Java(TM) SE Runtime Environment, sun.java.command=org.apache.catalina.startup.Bootstrap start, java.class.path=C:\Program Files\Apache Software Foundation\Tomcat 8.0\bin\bootstrap.jar;C:\Program Files\Apache Software Foundation\Tomcat 8.0\bin\tomcat-juli.jar;C:\jdk1.8.0_101\lib\tools.jar, hibernate.bytecode.use_reflection_optimizer=false, java.vm.specification.name=Java Virtual Machine Specification, java.vm.specification.version=1.8, catalina.home=C:\Program Files\Apache Software Foundation\Tomcat 8.0, sun.cpu.endian=little, sun.os.patch.level=, java.io.tmpdir=C:\Users\Dell\AppData\Local\Temp\, java.vendor.url.bug=http://bugreport.sun.com/bugreport/, server.loader=, os.arch=amd64, java.awt.graphicsenv=sun.awt.Win32GraphicsEnvironment, java.ext.dirs=C:\jdk1.8.0_101\jre\lib\ext;C:\WINDOWS\Sun\Java\lib\ext, user.dir=D:\MY_FILES\GUNA\Eclipse\eclipse, line.separator=
, wtp.deploy=D:\RealTimeProject\sms\.metadata\.plugins\org.eclipse.wst.server.core\tmp0\wtpwebapps, java.vm.name=Java HotSpot(TM) 64-Bit Server VM, file.encoding=Cp1252, java.specification.version=1.8, hibernate.show_sql=true}
2018-07-27 19:13:23 DEBUG IntegratorServiceImpl:63 - Adding Integrator [org.hibernate.cfg.beanvalidation.BeanValidationIntegrator].
2018-07-27 19:13:23 DEBUG IntegratorServiceImpl:63 - Adding Integrator [org.hibernate.secure.spi.JaccIntegrator].
2018-07-27 19:13:23 DEBUG IntegratorServiceImpl:63 - Adding Integrator [org.hibernate.cache.internal.CollectionCacheInvalidator].
2018-07-27 19:13:23 DEBUG StrategySelectorImpl:79 - Registering named strategy selector [org.hibernate.dialect.Dialect] : [MySQL5] -> [org.hibernate.dialect.MySQL5Dialect] (replacing [org.hibernate.dialect.MySQL5Dialect])
2018-07-27 19:13:23 DEBUG StrategySelectorImpl:79 - Registering named strategy selector [org.hibernate.dialect.Dialect] : [MySQL5InnoDB] -> [org.hibernate.dialect.MySQL5InnoDBDialect] (replacing [org.hibernate.dialect.MySQL5InnoDBDialect])
2018-07-27 19:13:23 DEBUG ServiceBinding:85 - Overriding existing service binding [org.hibernate.secure.spi.JaccService]
2018-07-27 19:13:23 DEBUG Configuration:1841 - Preparing to build session factory with filters : {}
2018-07-27 19:13:23 WARN  DriverManagerConnectionProviderImpl:93 - HHH000402: Using Hibernate built-in connection pool (not for production use!)
2018-07-27 19:13:23 INFO  DriverManagerConnectionProviderImpl:166 - HHH000401: using driver [com.mysql.jdbc.Driver] at URL [jdbc:mysql://localhost:3306/schoolmanagement]
2018-07-27 19:13:23 INFO  DriverManagerConnectionProviderImpl:172 - HHH000046: Connection properties: {user=root, password=admin}
2018-07-27 19:13:23 INFO  DriverManagerConnectionProviderImpl:180 - HHH000006: Autocommit mode: false
2018-07-27 19:13:23 INFO  DriverManagerConnectionProviderImpl:102 - HHH000115: Hibernate connection pool size: 20 (min=1)
2018-07-27 19:13:23 DEBUG DriverManagerConnectionProviderImpl:104 - Initializing Connection pool with 1 Connections
2018-07-27 19:13:24 DEBUG JdbcServicesImpl:128 - Database ->
       name : MySQL
    version : 5.5.60
      major : 5
      minor : 5
2018-07-27 19:13:24 DEBUG JdbcServicesImpl:139 - Driver ->
       name : MySQL-AB JDBC Driver
    version : mysql-connector-java-5.1.9 ( Revision: ${svn.Revision} )
      major : 5
      minor : 1
2018-07-27 19:13:24 DEBUG JdbcServicesImpl:150 - JDBC version : 3.0
2018-07-27 19:13:24 DEBUG StandardRefCursorSupport:187 - Unexpected error trying to gauge level of JDBC REF_CURSOR support : null
2018-07-27 19:13:24 INFO  Dialect:145 - HHH000400: Using dialect: org.hibernate.dialect.MySQLDialect
2018-07-27 19:13:24 INFO  LobCreatorBuilder:97 - HHH000423: Disabling contextual LOB creation as JDBC driver reported JDBC version [3] less than 4
2018-07-27 19:13:24 DEBUG Configuration:3750 - Processing hbm.xml files
2018-07-27 19:13:24 DEBUG Configuration:3780 - Process annotated classes
2018-07-27 19:13:24 DEBUG AnnotationBinder:601 - Binding entity from annotated class: com.sms.model.SchoolAdmin
2018-07-27 19:13:24 DEBUG Ejb3Column:239 - Binding column: Ejb3DiscriminatorColumn{logicalColumnName'DTYPE', discriminatorTypeName='string'}
2018-07-27 19:13:24 DEBUG AnnotationBinder:1185 - No value specified for 'javax.persistence.sharedCache.mode'; using UNSPECIFIED
2018-07-27 19:13:24 DEBUG EntityBinder:397 - Import with entity name SchoolAdmin
2018-07-27 19:13:24 DEBUG EntityBinder:586 - Bind entity com.sms.model.SchoolAdmin on table sms_admin
2018-07-27 19:13:24 DEBUG Ejb3Column:239 - Binding column: Ejb3Column{table=org.hibernate.mapping.Table(sms_admin), mappingColumn=admin_id, insertable=true, updatable=true, unique=false}
2018-07-27 19:13:24 DEBUG PropertyBinder:185 - MetadataSourceProcessor property admin_id with lazy=false
2018-07-27 19:13:24 DEBUG AbstractPropertyHolder:106 - Attempting to locate auto-apply AttributeConverter for property [com.sms.model.SchoolAdmin:admin_id]
2018-07-27 19:13:24 DEBUG SimpleValueBinder:385 - building SimpleValue for admin_id
2018-07-27 19:13:24 DEBUG PropertyBinder:271 - Building property admin_id
2018-07-27 19:13:24 DEBUG Ejb3Column:239 - Binding column: Ejb3Column{table=org.hibernate.mapping.Table(sms_admin), mappingColumn=admin_name, insertable=true, updatable=true, unique=false}
2018-07-27 19:13:24 DEBUG PropertyBinder:185 - MetadataSourceProcessor property admin_name with lazy=false
2018-07-27 19:13:24 DEBUG AbstractPropertyHolder:106 - Attempting to locate auto-apply AttributeConverter for property [com.sms.model.SchoolAdmin:admin_name]
2018-07-27 19:13:24 DEBUG SimpleValueBinder:385 - building SimpleValue for admin_name
2018-07-27 19:13:24 DEBUG PropertyBinder:271 - Building property admin_name
2018-07-27 19:13:24 DEBUG Ejb3Column:239 - Binding column: Ejb3Column{table=org.hibernate.mapping.Table(sms_admin), mappingColumn=admin_pwd, insertable=true, updatable=true, unique=false}
2018-07-27 19:13:24 DEBUG PropertyBinder:185 - MetadataSourceProcessor property admin_pwd with lazy=false
2018-07-27 19:13:24 DEBUG AbstractPropertyHolder:106 - Attempting to locate auto-apply AttributeConverter for property [com.sms.model.SchoolAdmin:admin_pwd]
2018-07-27 19:13:24 DEBUG SimpleValueBinder:385 - building SimpleValue for admin_pwd
2018-07-27 19:13:24 DEBUG PropertyBinder:271 - Building property admin_pwd
2018-07-27 19:13:24 DEBUG Ejb3Column:239 - Binding column: Ejb3Column{table=org.hibernate.mapping.Table(sms_admin), mappingColumn=role, insertable=true, updatable=true, unique=false}
2018-07-27 19:13:24 DEBUG PropertyBinder:185 - MetadataSourceProcessor property role with lazy=false
2018-07-27 19:13:24 DEBUG AbstractPropertyHolder:106 - Attempting to locate auto-apply AttributeConverter for property [com.sms.model.SchoolAdmin:role]
2018-07-27 19:13:24 DEBUG SimpleValueBinder:385 - building SimpleValue for role
2018-07-27 19:13:24 DEBUG PropertyBinder:271 - Building property role
2018-07-27 19:13:24 DEBUG SimpleValueBinder:422 - Starting fillSimpleValue for admin_id
2018-07-27 19:13:24 DEBUG SimpleValueBinder:422 - Starting fillSimpleValue for admin_name
2018-07-27 19:13:24 DEBUG SimpleValueBinder:422 - Starting fillSimpleValue for admin_pwd
2018-07-27 19:13:24 DEBUG SimpleValueBinder:422 - Starting fillSimpleValue for role
2018-07-27 19:13:24 DEBUG Configuration:1482 - Processing fk mappings (*ToOne and JoinedSubclass)
2018-07-27 19:13:24 DEBUG Configuration:1687 - Processing extends queue
2018-07-27 19:13:24 DEBUG Configuration:1745 - Processing extends queue
2018-07-27 19:13:24 DEBUG Configuration:1690 - Processing collection mappings
2018-07-27 19:13:24 DEBUG Configuration:1700 - Processing native query and ResultSetMapping mappings
2018-07-27 19:13:24 DEBUG Configuration:1708 - Processing association property references
2018-07-27 19:13:24 DEBUG Configuration:1730 - Creating tables' unique integer identifiers
2018-07-27 19:13:24 DEBUG Configuration:1731 - Processing foreign key constraints
2018-07-27 19:13:24 DEBUG JtaPlatformInitiator:59 - No JtaPlatform was specified, checking resolver
2018-07-27 19:13:24 DEBUG JtaPlatformResolverInitiator:50 - No JtaPlatformResolver was specified, using default [org.hibernate.engine.transaction.jta.platform.internal.StandardJtaPlatformResolver]
2018-07-27 19:13:24 DEBUG StandardJtaPlatformResolver:118 - Could not resolve JtaPlatform, using default [org.hibernate.engine.transaction.jta.platform.internal.NoJtaPlatform]
2018-07-27 19:13:24 DEBUG SettingsFactory:122 - Automatic flush during beforeCompletion(): disabled
2018-07-27 19:13:24 DEBUG SettingsFactory:128 - Automatic session close at end of transaction: disabled
2018-07-27 19:13:24 DEBUG SettingsFactory:139 - JDBC batch size: 15
2018-07-27 19:13:24 DEBUG SettingsFactory:145 - JDBC batch updates for versioned data: disabled
2018-07-27 19:13:24 DEBUG SettingsFactory:155 - Scrollable result sets: enabled
2018-07-27 19:13:24 DEBUG SettingsFactory:161 - Wrap result sets: disabled
2018-07-27 19:13:24 DEBUG SettingsFactory:167 - JDBC3 getGeneratedKeys(): enabled
2018-07-27 19:13:24 DEBUG SettingsFactory:179 - multi-tenancy strategy : NONE
2018-07-27 19:13:24 DEBUG SettingsFactory:185 - Connection release mode: auto
2018-07-27 19:13:24 INFO  TransactionFactoryInitiator:62 - HHH000399: Using default transaction strategy (direct JDBC transactions)
2018-07-27 19:13:24 DEBUG SettingsFactory:207 - Using BatchFetchStyle : LEGACY
2018-07-27 19:13:24 DEBUG SettingsFactory:226 - Maximum outer join fetch depth: 2
2018-07-27 19:13:24 DEBUG SettingsFactory:232 - Default batch fetch size: 1
2018-07-27 19:13:24 DEBUG SettingsFactory:238 - Generate SQL with comments: disabled
2018-07-27 19:13:24 DEBUG SettingsFactory:244 - Order SQL updates by primary key: disabled
2018-07-27 19:13:24 DEBUG SettingsFactory:250 - Order SQL inserts for batching: disabled
2018-07-27 19:13:24 DEBUG SettingsFactory:258 - Default null ordering: none
2018-07-27 19:13:24 DEBUG SettingsFactory:501 - Query translator: org.hibernate.hql.internal.ast.ASTQueryTranslatorFactory
2018-07-27 19:13:24 INFO  ASTQueryTranslatorFactory:47 - HHH000397: Using ASTQueryTranslatorFactory
2018-07-27 19:13:24 DEBUG SettingsFactory:268 - Query language substitutions: {}
2018-07-27 19:13:24 DEBUG SettingsFactory:274 - JPA-QL strict compliance: disabled
2018-07-27 19:13:24 DEBUG SettingsFactory:282 - Second-level cache: enabled
2018-07-27 19:13:24 DEBUG SettingsFactory:288 - Query cache: disabled
2018-07-27 19:13:24 DEBUG RegionFactoryInitiator:105 - Cache region factory : org.hibernate.cache.internal.NoCachingRegionFactory
2018-07-27 19:13:24 DEBUG SettingsFactory:301 - Optimize cache for minimal puts: disabled
2018-07-27 19:13:24 DEBUG SettingsFactory:316 - Structured second-level cache entries: disabled
2018-07-27 19:13:24 DEBUG SettingsFactory:326 - Second-level cache direct-reference entries: disabled
2018-07-27 19:13:24 DEBUG SettingsFactory:332 - Automatic eviction of collection cache: disabled
2018-07-27 19:13:24 DEBUG SettingsFactory:340 - Statistics: disabled
2018-07-27 19:13:24 DEBUG SettingsFactory:346 - Deleted entity synthetic identifier rollback: disabled
2018-07-27 19:13:24 DEBUG SettingsFactory:373 - Default entity-mode: pojo
2018-07-27 19:13:24 DEBUG SettingsFactory:379 - Named query checking : enabled
2018-07-27 19:13:24 DEBUG SettingsFactory:385 - Check Nullability in Core (should be disabled when Bean Validation is on): enabled
2018-07-27 19:13:24 DEBUG SettingsFactory:403 - Allow initialization of lazy state outside session : : disabled
2018-07-27 19:13:24 DEBUG SettingsFactory:413 - JTA Track by Thread: enabled
2018-07-27 19:13:24 DEBUG SessionFactoryImpl:229 - Building session factory
2018-07-27 19:13:24 DEBUG SessionFactoryImpl:285 - Session factory constructed with filter configurations : {}
2018-07-27 19:13:24 DEBUG SessionFactoryImpl:286 - Instantiating session factory with properties: {java.vendor=Oracle Corporation, show_sql=true, sun.java.launcher=SUN_STANDARD, catalina.base=D:\RealTimeProject\sms\.metadata\.plugins\org.eclipse.wst.server.core\tmp0, hibernate.connection.url=jdbc:mysql://localhost:3306/schoolmanagement, sun.management.compiler=HotSpot 64-Bit Tiered Compilers, catalina.useNaming=true, os.name=Windows 8.1, sun.boot.class.path=C:\jdk1.8.0_101\jre\lib\resources.jar;C:\jdk1.8.0_101\jre\lib\rt.jar;C:\jdk1.8.0_101\jre\lib\sunrsasign.jar;C:\jdk1.8.0_101\jre\lib\jsse.jar;C:\jdk1.8.0_101\jre\lib\jce.jar;C:\jdk1.8.0_101\jre\lib\charsets.jar;C:\jdk1.8.0_101\jre\lib\jfr.jar;C:\jdk1.8.0_101\jre\classes, sun.desktop=windows, java.vm.specification.vendor=Oracle Corporation, java.runtime.version=1.8.0_101-b13, user.name=Dell, tomcat.util.scan.StandardJarScanFilter.jarsToScan=log4j-web*.jar,log4j-taglib*.jar,log4javascript*.jar,slf4j-taglib*.jar, shared.loader=, tomcat.util.buf.StringCache.byte.enabled=true, user.language=en, java.naming.factory.initial=org.apache.naming.java.javaURLContextFactory, sun.boot.library.path=C:\jdk1.8.0_101\jre\bin, java.version=1.8.0_101, user.timezone=Asia/Calcutta, sun.arch.data.model=64, java.endorsed.dirs=C:\Program Files\Apache Software Foundation\Tomcat 8.0\endorsed, sun.cpu.isalist=amd64, sun.jnu.encoding=Cp1252, file.encoding.pkg=sun.io, package.access=sun.,org.apache.catalina.,org.apache.coyote.,org.apache.jasper.,org.apache.tomcat., file.separator=\, java.specification.name=Java Platform API Specification, java.class.version=52.0, user.country=IN, java.home=C:\jdk1.8.0_101\jre, java.vm.info=mixed mode, os.version=6.3, path.separator=;, java.vm.version=25.101-b13, hibernate.connection.password=admin, user.variant=, java.awt.printerjob=sun.awt.windows.WPrinterJob, sun.io.unicode.encoding=UnicodeLittle, awt.toolkit=sun.awt.windows.WToolkit, hibernate.connection.username=root, package.definition=sun.,java.,org.apache.catalina.,org.apache.coyote.,org.apache.jasper.,org.apache.naming.,org.apache.tomcat., user.script=, java.naming.factory.url.pkgs=org.apache.naming, user.home=C:\Users\Dell, java.specification.vendor=Oracle Corporation, tomcat.util.scan.StandardJarScanFilter.jarsToSkip=bootstrap.jar,commons-daemon.jar,tomcat-juli.jar,annotations-api.jar,el-api.jar,jsp-api.jar,servlet-api.jar,websocket-api.jar,catalina.jar,catalina-ant.jar,catalina-ha.jar,catalina-storeconfig.jar,catalina-tribes.jar,jasper.jar,jasper-el.jar,ecj-*.jar,tomcat-api.jar,tomcat-util.jar,tomcat-util-scan.jar,tomcat-coyote.jar,tomcat-dbcp.jar,tomcat-jni.jar,tomcat-websocket.jar,tomcat-i18n-en.jar,tomcat-i18n-es.jar,tomcat-i18n-fr.jar,tomcat-i18n-ja.jar,tomcat-juli-adapters.jar,catalina-jmx-remote.jar,catalina-ws.jar,tomcat-jdbc.jar,tools.jar,commons-beanutils*.jar,commons-codec*.jar,commons-collections*.jar,commons-dbcp*.jar,commons-digester*.jar,commons-fileupload*.jar,commons-httpclient*.jar,commons-io*.jar,commons-lang*.jar,commons-logging*.jar,commons-math*.jar,commons-pool*.jar,jstl.jar,taglibs-standard-spec-*.jar,geronimo-spec-jaxrpc*.jar,wsdl4j*.jar,ant.jar,ant-junit*.jar,aspectj*.jar,jmx.jar,h2*.jar,hibernate*.jar,httpclient*.jar,jmx-tools.jar,jta*.jar,log4j*.jar,mail*.jar,slf4j*.jar,xercesImpl.jar,xmlParserAPIs.jar,xml-apis.jar,junit.jar,junit-*.jar,ant-launcher.jar,cobertura-*.jar,asm-*.jar,dom4j-*.jar,icu4j-*.jar,jaxen-*.jar,jdom-*.jar,jetty-*.jar,oro-*.jar,servlet-api-*.jar,tagsoup-*.jar,xmlParserAPIs-*.jar,xom-*.jar, java.library.path=C:\jdk1.8.0_101\bin;C:\WINDOWS\Sun\Java\bin;C:\WINDOWS\system32;C:\WINDOWS;C:/Program Files/Java/jre1.8.0_91/bin/server;C:/Program Files/Java/jre1.8.0_91/bin;C:/Program Files/Java/jre1.8.0_91/lib/amd64;C:\oraclexe\app\oracle\product\11.2.0\server\bin;C:\ProgramData\Oracle\Java\javapath;C:\WINDOWS\system32;C:\WINDOWS;C:\WINDOWS\System32\Wbem;C:\WINDOWS\System32\WindowsPowerShell\v1.0\;C:\Program Files\Git\cmd;C:\Program Files\nodejs\;C:\Program Files\MySQL\MySQL Server 5.5\bin;C:\Program Files\Java\jdk1.8.0_91\bin;C:\Users\Dell\AppData\Roaming\npm;C:\Program Files\Microsoft VS Code\bin;D:\MY_FILES\GUNA\Eclipse\eclipse;;., java.vendor.url=http://java.oracle.com/, hibernate.connection.driver_class=com.mysql.jdbc.Driver, java.vm.vendor=Oracle Corporation, hibernate.dialect=org.hibernate.dialect.MySQLDialect, common.loader="${catalina.base}/lib","${catalina.base}/lib/*.jar","${catalina.home}/lib","${catalina.home}/lib/*.jar", java.runtime.name=Java(TM) SE Runtime Environment, sun.java.command=org.apache.catalina.startup.Bootstrap start, java.class.path=C:\Program Files\Apache Software Foundation\Tomcat 8.0\bin\bootstrap.jar;C:\Program Files\Apache Software Foundation\Tomcat 8.0\bin\tomcat-juli.jar;C:\jdk1.8.0_101\lib\tools.jar, hibernate.bytecode.use_reflection_optimizer=false, java.vm.specification.name=Java Virtual Machine Specification, java.vm.specification.version=1.8, catalina.home=C:\Program Files\Apache Software Foundation\Tomcat 8.0, sun.cpu.endian=little, sun.os.patch.level=, java.io.tmpdir=C:\Users\Dell\AppData\Local\Temp\, java.vendor.url.bug=http://bugreport.sun.com/bugreport/, server.loader=, os.arch=amd64, java.awt.graphicsenv=sun.awt.Win32GraphicsEnvironment, java.ext.dirs=C:\jdk1.8.0_101\jre\lib\ext;C:\WINDOWS\Sun\Java\lib\ext, user.dir=D:\MY_FILES\GUNA\Eclipse\eclipse, line.separator=
, java.vm.name=Java HotSpot(TM) 64-Bit Server VM, wtp.deploy=D:\RealTimeProject\sms\.metadata\.plugins\org.eclipse.wst.server.core\tmp0\wtpwebapps, file.encoding=Cp1252, java.specification.version=1.8, hibernate.show_sql=true}
2018-07-27 19:13:24 DEBUG JaccIntegrator:90 - Skipping JACC integration as it was not enabled
2018-07-27 19:13:24 DEBUG DefaultIdentifierGeneratorFactory:107 - Setting dialect [org.hibernate.dialect.MySQLDialect]
2018-07-27 19:13:25 DEBUG AbstractEntityPersister:3676 - Static SQL for entity: com.sms.model.SchoolAdmin
2018-07-27 19:13:25 DEBUG AbstractEntityPersister:3681 -  Version select: select admin_id from sms_admin where admin_id =?
2018-07-27 19:13:25 DEBUG AbstractEntityPersister:3684 -  Snapshot select: select schooladmi_.admin_id, schooladmi_.admin_name as admin_na2_0_, schooladmi_.admin_pwd as admin_pw3_0_, schooladmi_.role as role4_0_ from sms_admin schooladmi_ where schooladmi_.admin_id=?
2018-07-27 19:13:25 DEBUG AbstractEntityPersister:3687 -  Insert 0: insert into sms_admin (admin_name, admin_pwd, role, admin_id) values (?, ?, ?, ?)
2018-07-27 19:13:25 DEBUG AbstractEntityPersister:3688 -  Update 0: update sms_admin set admin_name=?, admin_pwd=?, role=? where admin_id=?
2018-07-27 19:13:25 DEBUG AbstractEntityPersister:3689 -  Delete 0: delete from sms_admin where admin_id=?
2018-07-27 19:13:25 DEBUG QuerySpacesImpl:177 - Adding QuerySpace : uid = <gen:0> -> org.hibernate.loader.plan.build.internal.spaces.EntityQuerySpaceImpl@361146e2]
2018-07-27 19:13:25 DEBUG MetamodelGraphWalker:154 - Visiting attribute path : admin_name
2018-07-27 19:13:25 DEBUG MetamodelGraphWalker:154 - Visiting attribute path : admin_pwd
2018-07-27 19:13:25 DEBUG MetamodelGraphWalker:154 - Visiting attribute path : role
2018-07-27 19:13:25 DEBUG FetchStyleLoadPlanBuildingAssociationVisitationStrategy:94 - Building LoadPlan...
2018-07-27 19:13:25 DEBUG LoadQueryJoinAndFetchProcessor:111 - processing queryspace <gen:0>
2018-07-27 19:13:25 DEBUG LoadPlanTreePrinter:72 - LoadPlan(entity=com.sms.model.SchoolAdmin)
    - Returns
       - EntityReturnImpl(entity=com.sms.model.SchoolAdmin, querySpaceUid=<gen:0>, path=com.sms.model.SchoolAdmin)
    - QuerySpaces
       - EntityQuerySpaceImpl(uid=<gen:0>, entity=com.sms.model.SchoolAdmin)
          - SQL table alias mapping - schooladmi0_
          - alias suffix - 0_
          - suffixed key columns - {admin_id1_0_0_}

2018-07-27 19:13:25 DEBUG EntityLoader:146 - Static select for entity com.sms.model.SchoolAdmin [NONE]: select schooladmi0_.admin_id as admin_id1_0_0_, schooladmi0_.admin_name as admin_na2_0_0_, schooladmi0_.admin_pwd as admin_pw3_0_0_, schooladmi0_.role as role4_0_0_ from sms_admin schooladmi0_ where schooladmi0_.admin_id=?
2018-07-27 19:13:25 DEBUG QuerySpacesImpl:177 - Adding QuerySpace : uid = <gen:0> -> org.hibernate.loader.plan.build.internal.spaces.EntityQuerySpaceImpl@4936a44c]
2018-07-27 19:13:25 DEBUG MetamodelGraphWalker:154 - Visiting attribute path : admin_name
2018-07-27 19:13:25 DEBUG MetamodelGraphWalker:154 - Visiting attribute path : admin_pwd
2018-07-27 19:13:25 DEBUG MetamodelGraphWalker:154 - Visiting attribute path : role
2018-07-27 19:13:25 DEBUG FetchStyleLoadPlanBuildingAssociationVisitationStrategy:94 - Building LoadPlan...
2018-07-27 19:13:25 DEBUG LoadQueryJoinAndFetchProcessor:111 - processing queryspace <gen:0>
2018-07-27 19:13:25 DEBUG LoadPlanTreePrinter:72 - LoadPlan(entity=com.sms.model.SchoolAdmin)
    - Returns
       - EntityReturnImpl(entity=com.sms.model.SchoolAdmin, querySpaceUid=<gen:0>, path=com.sms.model.SchoolAdmin)
    - QuerySpaces
       - EntityQuerySpaceImpl(uid=<gen:0>, entity=com.sms.model.SchoolAdmin)
          - SQL table alias mapping - schooladmi0_
          - alias suffix - 0_
          - suffixed key columns - {admin_id1_0_0_}

2018-07-27 19:13:25 DEBUG EntityLoader:146 - Static select for entity com.sms.model.SchoolAdmin [READ]: select schooladmi0_.admin_id as admin_id1_0_0_, schooladmi0_.admin_name as admin_na2_0_0_, schooladmi0_.admin_pwd as admin_pw3_0_0_, schooladmi0_.role as role4_0_0_ from sms_admin schooladmi0_ where schooladmi0_.admin_id=?
2018-07-27 19:13:25 DEBUG QuerySpacesImpl:177 - Adding QuerySpace : uid = <gen:0> -> org.hibernate.loader.plan.build.internal.spaces.EntityQuerySpaceImpl@1009d378]
2018-07-27 19:13:25 DEBUG MetamodelGraphWalker:154 - Visiting attribute path : admin_name
2018-07-27 19:13:25 DEBUG MetamodelGraphWalker:154 - Visiting attribute path : admin_pwd
2018-07-27 19:13:25 DEBUG MetamodelGraphWalker:154 - Visiting attribute path : role
2018-07-27 19:13:25 DEBUG FetchStyleLoadPlanBuildingAssociationVisitationStrategy:94 - Building LoadPlan...
2018-07-27 19:13:25 DEBUG LoadQueryJoinAndFetchProcessor:111 - processing queryspace <gen:0>
2018-07-27 19:13:25 DEBUG LoadPlanTreePrinter:72 - LoadPlan(entity=com.sms.model.SchoolAdmin)
    - Returns
       - EntityReturnImpl(entity=com.sms.model.SchoolAdmin, querySpaceUid=<gen:0>, path=com.sms.model.SchoolAdmin)
    - QuerySpaces
       - EntityQuerySpaceImpl(uid=<gen:0>, entity=com.sms.model.SchoolAdmin)
          - SQL table alias mapping - schooladmi0_
          - alias suffix - 0_
          - suffixed key columns - {admin_id1_0_0_}

2018-07-27 19:13:25 DEBUG EntityLoader:146 - Static select for entity com.sms.model.SchoolAdmin [UPGRADE]: select schooladmi0_.admin_id as admin_id1_0_0_, schooladmi0_.admin_name as admin_na2_0_0_, schooladmi0_.admin_pwd as admin_pw3_0_0_, schooladmi0_.role as role4_0_0_ from sms_admin schooladmi0_ where schooladmi0_.admin_id=? for update
2018-07-27 19:13:25 DEBUG QuerySpacesImpl:177 - Adding QuerySpace : uid = <gen:0> -> org.hibernate.loader.plan.build.internal.spaces.EntityQuerySpaceImpl@77e6d489]
2018-07-27 19:13:25 DEBUG MetamodelGraphWalker:154 - Visiting attribute path : admin_name
2018-07-27 19:13:25 DEBUG MetamodelGraphWalker:154 - Visiting attribute path : admin_pwd
2018-07-27 19:13:25 DEBUG MetamodelGraphWalker:154 - Visiting attribute path : role
2018-07-27 19:13:25 DEBUG FetchStyleLoadPlanBuildingAssociationVisitationStrategy:94 - Building LoadPlan...
2018-07-27 19:13:25 DEBUG LoadQueryJoinAndFetchProcessor:111 - processing queryspace <gen:0>
2018-07-27 19:13:25 DEBUG LoadPlanTreePrinter:72 - LoadPlan(entity=com.sms.model.SchoolAdmin)
    - Returns
       - EntityReturnImpl(entity=com.sms.model.SchoolAdmin, querySpaceUid=<gen:0>, path=com.sms.model.SchoolAdmin)
    - QuerySpaces
       - EntityQuerySpaceImpl(uid=<gen:0>, entity=com.sms.model.SchoolAdmin)
          - SQL table alias mapping - schooladmi0_
          - alias suffix - 0_
          - suffixed key columns - {admin_id1_0_0_}

2018-07-27 19:13:25 DEBUG EntityLoader:146 - Static select for entity com.sms.model.SchoolAdmin [UPGRADE_NOWAIT]: select schooladmi0_.admin_id as admin_id1_0_0_, schooladmi0_.admin_name as admin_na2_0_0_, schooladmi0_.admin_pwd as admin_pw3_0_0_, schooladmi0_.role as role4_0_0_ from sms_admin schooladmi0_ where schooladmi0_.admin_id=? for update
2018-07-27 19:13:25 DEBUG QuerySpacesImpl:177 - Adding QuerySpace : uid = <gen:0> -> org.hibernate.loader.plan.build.internal.spaces.EntityQuerySpaceImpl@79769755]
2018-07-27 19:13:25 DEBUG MetamodelGraphWalker:154 - Visiting attribute path : admin_name
2018-07-27 19:13:25 DEBUG MetamodelGraphWalker:154 - Visiting attribute path : admin_pwd
2018-07-27 19:13:25 DEBUG MetamodelGraphWalker:154 - Visiting attribute path : role
2018-07-27 19:13:25 DEBUG FetchStyleLoadPlanBuildingAssociationVisitationStrategy:94 - Building LoadPlan...
2018-07-27 19:13:25 DEBUG LoadQueryJoinAndFetchProcessor:111 - processing queryspace <gen:0>
2018-07-27 19:13:25 DEBUG LoadPlanTreePrinter:72 - LoadPlan(entity=com.sms.model.SchoolAdmin)
    - Returns
       - EntityReturnImpl(entity=com.sms.model.SchoolAdmin, querySpaceUid=<gen:0>, path=com.sms.model.SchoolAdmin)
    - QuerySpaces
       - EntityQuerySpaceImpl(uid=<gen:0>, entity=com.sms.model.SchoolAdmin)
          - SQL table alias mapping - schooladmi0_
          - alias suffix - 0_
          - suffixed key columns - {admin_id1_0_0_}

2018-07-27 19:13:25 DEBUG EntityLoader:146 - Static select for entity com.sms.model.SchoolAdmin [UPGRADE_SKIPLOCKED]: select schooladmi0_.admin_id as admin_id1_0_0_, schooladmi0_.admin_name as admin_na2_0_0_, schooladmi0_.admin_pwd as admin_pw3_0_0_, schooladmi0_.role as role4_0_0_ from sms_admin schooladmi0_ where schooladmi0_.admin_id=? for update
2018-07-27 19:13:25 DEBUG QuerySpacesImpl:177 - Adding QuerySpace : uid = <gen:0> -> org.hibernate.loader.plan.build.internal.spaces.EntityQuerySpaceImpl@43ab664e]
2018-07-27 19:13:25 DEBUG MetamodelGraphWalker:154 - Visiting attribute path : admin_name
2018-07-27 19:13:25 DEBUG MetamodelGraphWalker:154 - Visiting attribute path : admin_pwd
2018-07-27 19:13:25 DEBUG MetamodelGraphWalker:154 - Visiting attribute path : role
2018-07-27 19:13:25 DEBUG FetchStyleLoadPlanBuildingAssociationVisitationStrategy:94 - Building LoadPlan...
2018-07-27 19:13:25 DEBUG LoadQueryJoinAndFetchProcessor:111 - processing queryspace <gen:0>
2018-07-27 19:13:25 DEBUG LoadPlanTreePrinter:72 - LoadPlan(entity=com.sms.model.SchoolAdmin)
    - Returns
       - EntityReturnImpl(entity=com.sms.model.SchoolAdmin, querySpaceUid=<gen:0>, path=com.sms.model.SchoolAdmin)
    - QuerySpaces
       - EntityQuerySpaceImpl(uid=<gen:0>, entity=com.sms.model.SchoolAdmin)
          - SQL table alias mapping - schooladmi0_
          - alias suffix - 0_
          - suffixed key columns - {admin_id1_0_0_}

2018-07-27 19:13:25 DEBUG EntityLoader:146 - Static select for entity com.sms.model.SchoolAdmin [FORCE]: select schooladmi0_.admin_id as admin_id1_0_0_, schooladmi0_.admin_name as admin_na2_0_0_, schooladmi0_.admin_pwd as admin_pw3_0_0_, schooladmi0_.role as role4_0_0_ from sms_admin schooladmi0_ where schooladmi0_.admin_id=? for update
2018-07-27 19:13:25 DEBUG QuerySpacesImpl:177 - Adding QuerySpace : uid = <gen:0> -> org.hibernate.loader.plan.build.internal.spaces.EntityQuerySpaceImpl@7971fdcc]
2018-07-27 19:13:25 DEBUG MetamodelGraphWalker:154 - Visiting attribute path : admin_name
2018-07-27 19:13:25 DEBUG MetamodelGraphWalker:154 - Visiting attribute path : admin_pwd
2018-07-27 19:13:25 DEBUG MetamodelGraphWalker:154 - Visiting attribute path : role
2018-07-27 19:13:25 DEBUG FetchStyleLoadPlanBuildingAssociationVisitationStrategy:94 - Building LoadPlan...
2018-07-27 19:13:25 DEBUG LoadQueryJoinAndFetchProcessor:111 - processing queryspace <gen:0>
2018-07-27 19:13:25 DEBUG LoadPlanTreePrinter:72 - LoadPlan(entity=com.sms.model.SchoolAdmin)
    - Returns
       - EntityReturnImpl(entity=com.sms.model.SchoolAdmin, querySpaceUid=<gen:0>, path=com.sms.model.SchoolAdmin)
    - QuerySpaces
       - EntityQuerySpaceImpl(uid=<gen:0>, entity=com.sms.model.SchoolAdmin)
          - SQL table alias mapping - schooladmi0_
          - alias suffix - 0_
          - suffixed key columns - {admin_id1_0_0_}

2018-07-27 19:13:25 DEBUG EntityLoader:146 - Static select for entity com.sms.model.SchoolAdmin [PESSIMISTIC_READ]: select schooladmi0_.admin_id as admin_id1_0_0_, schooladmi0_.admin_name as admin_na2_0_0_, schooladmi0_.admin_pwd as admin_pw3_0_0_, schooladmi0_.role as role4_0_0_ from sms_admin schooladmi0_ where schooladmi0_.admin_id=? lock in share mode
2018-07-27 19:13:25 DEBUG QuerySpacesImpl:177 - Adding QuerySpace : uid = <gen:0> -> org.hibernate.loader.plan.build.internal.spaces.EntityQuerySpaceImpl@265f5a27]
2018-07-27 19:13:25 DEBUG MetamodelGraphWalker:154 - Visiting attribute path : admin_name
2018-07-27 19:13:25 DEBUG MetamodelGraphWalker:154 - Visiting attribute path : admin_pwd
2018-07-27 19:13:25 DEBUG MetamodelGraphWalker:154 - Visiting attribute path : role
2018-07-27 19:13:25 DEBUG FetchStyleLoadPlanBuildingAssociationVisitationStrategy:94 - Building LoadPlan...
2018-07-27 19:13:25 DEBUG LoadQueryJoinAndFetchProcessor:111 - processing queryspace <gen:0>
2018-07-27 19:13:25 DEBUG LoadPlanTreePrinter:72 - LoadPlan(entity=com.sms.model.SchoolAdmin)
    - Returns
       - EntityReturnImpl(entity=com.sms.model.SchoolAdmin, querySpaceUid=<gen:0>, path=com.sms.model.SchoolAdmin)
    - QuerySpaces
       - EntityQuerySpaceImpl(uid=<gen:0>, entity=com.sms.model.SchoolAdmin)
          - SQL table alias mapping - schooladmi0_
          - alias suffix - 0_
          - suffixed key columns - {admin_id1_0_0_}

2018-07-27 19:13:25 DEBUG EntityLoader:146 - Static select for entity com.sms.model.SchoolAdmin [PESSIMISTIC_WRITE]: select schooladmi0_.admin_id as admin_id1_0_0_, schooladmi0_.admin_name as admin_na2_0_0_, schooladmi0_.admin_pwd as admin_pw3_0_0_, schooladmi0_.role as role4_0_0_ from sms_admin schooladmi0_ where schooladmi0_.admin_id=? for update
2018-07-27 19:13:25 DEBUG QuerySpacesImpl:177 - Adding QuerySpace : uid = <gen:0> -> org.hibernate.loader.plan.build.internal.spaces.EntityQuerySpaceImpl@64b3b716]
2018-07-27 19:13:25 DEBUG MetamodelGraphWalker:154 - Visiting attribute path : admin_name
2018-07-27 19:13:25 DEBUG MetamodelGraphWalker:154 - Visiting attribute path : admin_pwd
2018-07-27 19:13:25 DEBUG MetamodelGraphWalker:154 - Visiting attribute path : role
2018-07-27 19:13:25 DEBUG FetchStyleLoadPlanBuildingAssociationVisitationStrategy:94 - Building LoadPlan...
2018-07-27 19:13:25 DEBUG LoadQueryJoinAndFetchProcessor:111 - processing queryspace <gen:0>
2018-07-27 19:13:25 DEBUG LoadPlanTreePrinter:72 - LoadPlan(entity=com.sms.model.SchoolAdmin)
    - Returns
       - EntityReturnImpl(entity=com.sms.model.SchoolAdmin, querySpaceUid=<gen:0>, path=com.sms.model.SchoolAdmin)
    - QuerySpaces
       - EntityQuerySpaceImpl(uid=<gen:0>, entity=com.sms.model.SchoolAdmin)
          - SQL table alias mapping - schooladmi0_
          - alias suffix - 0_
          - suffixed key columns - {admin_id1_0_0_}

2018-07-27 19:13:25 DEBUG EntityLoader:146 - Static select for entity com.sms.model.SchoolAdmin [PESSIMISTIC_FORCE_INCREMENT]: select schooladmi0_.admin_id as admin_id1_0_0_, schooladmi0_.admin_name as admin_na2_0_0_, schooladmi0_.admin_pwd as admin_pw3_0_0_, schooladmi0_.role as role4_0_0_ from sms_admin schooladmi0_ where schooladmi0_.admin_id=? for update
2018-07-27 19:13:25 DEBUG QuerySpacesImpl:177 - Adding QuerySpace : uid = <gen:0> -> org.hibernate.loader.plan.build.internal.spaces.EntityQuerySpaceImpl@7062fb15]
2018-07-27 19:13:25 DEBUG MetamodelGraphWalker:154 - Visiting attribute path : admin_name
2018-07-27 19:13:25 DEBUG MetamodelGraphWalker:154 - Visiting attribute path : admin_pwd
2018-07-27 19:13:25 DEBUG MetamodelGraphWalker:154 - Visiting attribute path : role
2018-07-27 19:13:25 DEBUG FetchStyleLoadPlanBuildingAssociationVisitationStrategy:94 - Building LoadPlan...
2018-07-27 19:13:25 DEBUG LoadQueryJoinAndFetchProcessor:111 - processing queryspace <gen:0>
2018-07-27 19:13:25 DEBUG LoadPlanTreePrinter:72 - LoadPlan(entity=com.sms.model.SchoolAdmin)
    - Returns
       - EntityReturnImpl(entity=com.sms.model.SchoolAdmin, querySpaceUid=<gen:0>, path=com.sms.model.SchoolAdmin)
    - QuerySpaces
       - EntityQuerySpaceImpl(uid=<gen:0>, entity=com.sms.model.SchoolAdmin)
          - SQL table alias mapping - schooladmi0_
          - alias suffix - 0_
          - suffixed key columns - {admin_id1_0_0_}

2018-07-27 19:13:25 DEBUG EntityLoader:146 - Static select for entity com.sms.model.SchoolAdmin [OPTIMISTIC]: select schooladmi0_.admin_id as admin_id1_0_0_, schooladmi0_.admin_name as admin_na2_0_0_, schooladmi0_.admin_pwd as admin_pw3_0_0_, schooladmi0_.role as role4_0_0_ from sms_admin schooladmi0_ where schooladmi0_.admin_id=?
2018-07-27 19:13:25 DEBUG QuerySpacesImpl:177 - Adding QuerySpace : uid = <gen:0> -> org.hibernate.loader.plan.build.internal.spaces.EntityQuerySpaceImpl@4eb5da3b]
2018-07-27 19:13:25 DEBUG MetamodelGraphWalker:154 - Visiting attribute path : admin_name
2018-07-27 19:13:25 DEBUG MetamodelGraphWalker:154 - Visiting attribute path : admin_pwd
2018-07-27 19:13:25 DEBUG MetamodelGraphWalker:154 - Visiting attribute path : role
2018-07-27 19:13:25 DEBUG FetchStyleLoadPlanBuildingAssociationVisitationStrategy:94 - Building LoadPlan...
2018-07-27 19:13:25 DEBUG LoadQueryJoinAndFetchProcessor:111 - processing queryspace <gen:0>
2018-07-27 19:13:25 DEBUG LoadPlanTreePrinter:72 - LoadPlan(entity=com.sms.model.SchoolAdmin)
    - Returns
       - EntityReturnImpl(entity=com.sms.model.SchoolAdmin, querySpaceUid=<gen:0>, path=com.sms.model.SchoolAdmin)
    - QuerySpaces
       - EntityQuerySpaceImpl(uid=<gen:0>, entity=com.sms.model.SchoolAdmin)
          - SQL table alias mapping - schooladmi0_
          - alias suffix - 0_
          - suffixed key columns - {admin_id1_0_0_}

2018-07-27 19:13:25 DEBUG EntityLoader:146 - Static select for entity com.sms.model.SchoolAdmin [OPTIMISTIC_FORCE_INCREMENT]: select schooladmi0_.admin_id as admin_id1_0_0_, schooladmi0_.admin_name as admin_na2_0_0_, schooladmi0_.admin_pwd as admin_pw3_0_0_, schooladmi0_.role as role4_0_0_ from sms_admin schooladmi0_ where schooladmi0_.admin_id=?
2018-07-27 19:13:25 DEBUG Loader:56 - Static select for action ACTION_MERGE on entity com.sms.model.SchoolAdmin: select schooladmi0_.admin_id as admin_id1_0_0_, schooladmi0_.admin_name as admin_na2_0_0_, schooladmi0_.admin_pwd as admin_pw3_0_0_, schooladmi0_.role as role4_0_0_ from sms_admin schooladmi0_ where schooladmi0_.admin_id=?
2018-07-27 19:13:25 DEBUG Loader:56 - Static select for action ACTION_REFRESH on entity com.sms.model.SchoolAdmin: select schooladmi0_.admin_id as admin_id1_0_0_, schooladmi0_.admin_name as admin_na2_0_0_, schooladmi0_.admin_pwd as admin_pw3_0_0_, schooladmi0_.role as role4_0_0_ from sms_admin schooladmi0_ where schooladmi0_.admin_id=?
2018-07-27 19:13:25 DEBUG SessionFactoryRegistry:67 - Initializing SessionFactoryRegistry : org.hibernate.internal.SessionFactoryRegistry@77dc54c7
2018-07-27 19:13:25 DEBUG SessionFactoryRegistry:89 - Registering SessionFactory: b449c7cb-5e0e-4688-a19f-44a1be22e0e0 (<unnamed>)
2018-07-27 19:13:25 DEBUG SessionFactoryRegistry:96 - Not binding SessionFactory to JNDI, no JNDI name configured
2018-07-27 19:13:25 DEBUG SessionFactoryImpl:505 - Instantiated session factory
2018-07-27 19:13:25 DEBUG NamedQueryRepository:155 - Checking 0 named HQL queries
2018-07-27 19:13:25 DEBUG NamedQueryRepository:171 - Checking 0 named SQL queries
2018-07-27 19:13:25 DEBUG StatisticsInitiator:110 - Statistics initialized [enabled=false]
2018-07-27 19:13:25 DEBUG QueryTranslatorImpl:294 - parse() - HQL: from com.sms.model.SchoolAdmin WHERE admin_name =:email AND admin_pwd =:pwd
2018-07-27 19:13:25 DEBUG QueryTranslatorImpl:312 - --- HQL AST ---
 \-[QUERY] Node: 'query'
    +-[SELECT_FROM] Node: 'SELECT_FROM'
    |  \-[FROM] Node: 'from'
    |     \-[RANGE] Node: 'RANGE'
    |        \-[DOT] Node: '.'
    |           +-[DOT] Node: '.'
    |           |  +-[DOT] Node: '.'
    |           |  |  +-[IDENT] Node: 'com'
    |           |  |  \-[IDENT] Node: 'sms'
    |           |  \-[IDENT] Node: 'model'
    |           \-[IDENT] Node: 'SchoolAdmin'
    \-[WHERE] Node: 'WHERE'
       \-[AND] Node: 'AND'
          +-[EQ] Node: '='
          |  +-[IDENT] Node: 'admin_name'
          |  \-[COLON] Node: ':'
          |     \-[IDENT] Node: 'email'
          \-[EQ] Node: '='
             +-[IDENT] Node: 'admin_pwd'
             \-[COLON] Node: ':'
                \-[IDENT] Node: 'pwd'

2018-07-27 19:13:25 DEBUG ErrorCounter:113 - throwQueryException() : no errors
2018-07-27 19:13:25 DEBUG HqlSqlBaseWalker:121 - select << begin [level=1, statement=select]
2018-07-27 19:13:25 DEBUG FromElement:158 - FromClause{level=1} : com.sms.model.SchoolAdmin (<no alias>) -> schooladmi0_
2018-07-27 19:13:25 DEBUG FromReferenceNode:77 - Resolved : {synthetic-alias} -> {synthetic-alias}
2018-07-27 19:13:25 DEBUG DotNode:653 - getDataType() : admin_name -> org.hibernate.type.StringType@702367ac
2018-07-27 19:13:25 DEBUG FromReferenceNode:77 - Resolved : {synthetic-alias}.admin_name -> schooladmi0_.admin_name
2018-07-27 19:13:25 DEBUG FromReferenceNode:77 - Resolved : {synthetic-alias} -> {synthetic-alias}
2018-07-27 19:13:25 DEBUG DotNode:653 - getDataType() : admin_pwd -> org.hibernate.type.StringType@702367ac
2018-07-27 19:13:25 DEBUG FromReferenceNode:77 - Resolved : {synthetic-alias}.admin_pwd -> schooladmi0_.admin_pwd
2018-07-27 19:13:25 DEBUG HqlSqlBaseWalker:125 - select : finishing up [level=1, statement=select]
2018-07-27 19:13:25 DEBUG HqlSqlWalker:664 - processQuery() :  ( SELECT ( FromClause{level=1} sms_admin schooladmi0_ ) ( WHERE ( AND ( = ( schooladmi0_.admin_name {synthetic-alias} admin_name ) ? ) ( = ( schooladmi0_.admin_pwd {synthetic-alias} admin_pwd ) ? ) ) ) )
2018-07-27 19:13:25 DEBUG HqlSqlWalker:933 - Derived SELECT clause created.
2018-07-27 19:13:25 DEBUG JoinProcessor:187 - Using FROM fragment [sms_admin schooladmi0_]
2018-07-27 19:13:25 DEBUG HqlSqlBaseWalker:129 - select >> end [level=1, statement=select]
2018-07-27 19:13:25 DEBUG QueryTranslatorImpl:281 - --- SQL AST ---
 \-[SELECT] QueryNode: 'SELECT'  querySpaces (sms_admin)
    +-[SELECT_CLAUSE] SelectClause: '{derived select clause}'
    |  +-[SELECT_EXPR] SelectExpressionImpl: 'schooladmi0_.admin_id as admin_id1_0_' {FromElement{explicit,not a collection join,not a fetch join,fetch non-lazy properties,classAlias=null,role=null,tableName=sms_admin,tableAlias=schooladmi0_,origin=null,columns={,className=com.sms.model.SchoolAdmin}}}
    |  \-[SQL_TOKEN] SqlFragment: 'schooladmi0_.admin_name as admin_na2_0_, schooladmi0_.admin_pwd as admin_pw3_0_, schooladmi0_.role as role4_0_'
    +-[FROM] FromClause: 'from' FromClause{level=1, fromElementCounter=1, fromElements=1, fromElementByClassAlias=[], fromElementByTableAlias=[schooladmi0_], fromElementsByPath=[], collectionJoinFromElementsByPath=[], impliedElements=[]}
    |  \-[FROM_FRAGMENT] FromElement: 'sms_admin schooladmi0_' FromElement{explicit,not a collection join,not a fetch join,fetch non-lazy properties,classAlias=null,role=null,tableName=sms_admin,tableAlias=schooladmi0_,origin=null,columns={,className=com.sms.model.SchoolAdmin}}
    \-[WHERE] SqlNode: 'WHERE'
       \-[AND] SqlNode: 'AND'
          +-[EQ] BinaryLogicOperatorNode: '='
          |  +-[DOT] DotNode: 'schooladmi0_.admin_name' {propertyName=admin_name,dereferenceType=PRIMITIVE,getPropertyPath=admin_name,path={synthetic-alias}.admin_name,tableAlias=schooladmi0_,className=com.sms.model.SchoolAdmin,classAlias=null}
          |  |  +-[IDENT] IdentNode: '{synthetic-alias}' {originalText={synthetic-alias}}
          |  |  \-[IDENT] IdentNode: 'admin_name' {originalText=admin_name}
          |  \-[NAMED_PARAM] ParameterNode: '?' {name=email, expectedType=org.hibernate.type.StringType@702367ac}
          \-[EQ] BinaryLogicOperatorNode: '='
             +-[DOT] DotNode: 'schooladmi0_.admin_pwd' {propertyName=admin_pwd,dereferenceType=PRIMITIVE,getPropertyPath=admin_pwd,path={synthetic-alias}.admin_pwd,tableAlias=schooladmi0_,className=com.sms.model.SchoolAdmin,classAlias=null}
             |  +-[IDENT] IdentNode: '{synthetic-alias}' {originalText={synthetic-alias}}
             |  \-[IDENT] IdentNode: 'admin_pwd' {originalText=admin_pwd}
             \-[NAMED_PARAM] ParameterNode: '?' {name=pwd, expectedType=org.hibernate.type.StringType@702367ac}

2018-07-27 19:13:25 DEBUG ErrorCounter:113 - throwQueryException() : no errors
2018-07-27 19:13:25 DEBUG QueryTranslatorImpl:263 - HQL: from com.sms.model.SchoolAdmin WHERE admin_name =:email AND admin_pwd =:pwd
2018-07-27 19:13:25 DEBUG QueryTranslatorImpl:264 - SQL: select schooladmi0_.admin_id as admin_id1_0_, schooladmi0_.admin_name as admin_na2_0_, schooladmi0_.admin_pwd as admin_pw3_0_, schooladmi0_.role as role4_0_ from sms_admin schooladmi0_ where schooladmi0_.admin_name=? and schooladmi0_.admin_pwd=?
2018-07-27 19:13:25 DEBUG ErrorCounter:113 - throwQueryException() : no errors
2018-07-27 19:13:25 DEBUG SQL:109 - select schooladmi0_.admin_id as admin_id1_0_, schooladmi0_.admin_name as admin_na2_0_, schooladmi0_.admin_pwd as admin_pw3_0_, schooladmi0_.role as role4_0_ from sms_admin schooladmi0_ where schooladmi0_.admin_name=? and schooladmi0_.admin_pwd=?
2018-07-27 19:13:25 DEBUG LogicalConnectionImpl:226 - Obtaining JDBC connection
2018-07-27 19:13:25 DEBUG LogicalConnectionImpl:232 - Obtained JDBC connection
2018-07-27 19:13:42 DEBUG SQL:109 - select schooladmi0_.admin_id as admin_id1_0_, schooladmi0_.admin_name as admin_na2_0_, schooladmi0_.admin_pwd as admin_pw3_0_, schooladmi0_.role as role4_0_ from sms_admin schooladmi0_ where schooladmi0_.admin_name=? and schooladmi0_.admin_pwd=?
2018-07-27 19:13:42 DEBUG LogicalConnectionImpl:226 - Obtaining JDBC connection
2018-07-27 19:13:42 DEBUG LogicalConnectionImpl:232 - Obtained JDBC connection
2018-07-27 19:13:56 DEBUG SQL:109 - select schooladmi0_.admin_id as admin_id1_0_, schooladmi0_.admin_name as admin_na2_0_, schooladmi0_.admin_pwd as admin_pw3_0_, schooladmi0_.role as role4_0_ from sms_admin schooladmi0_ where schooladmi0_.admin_name=? and schooladmi0_.admin_pwd=?
2018-07-27 19:13:56 DEBUG LogicalConnectionImpl:226 - Obtaining JDBC connection
2018-07-27 19:13:56 DEBUG LogicalConnectionImpl:232 - Obtained JDBC connection
2018-07-27 19:13:56 DEBUG Loader:951 - Result set row: 0
2018-07-27 19:13:56 DEBUG Loader:1485 - Result row: EntityKey[com.sms.model.SchoolAdmin#1]
2018-07-27 19:13:56 DEBUG TwoPhaseLoad:160 - Resolving associations for [com.sms.model.SchoolAdmin#1]
2018-07-27 19:13:56 DEBUG TwoPhaseLoad:286 - Done materializing entity [com.sms.model.SchoolAdmin#1]
2018-07-27 19:22:12 DEBUG logging:192 - Logging Provider: org.jboss.logging.Log4jLoggerProvider
2018-07-27 19:35:02 DEBUG logging:192 - Logging Provider: org.jboss.logging.Log4jLoggerProvider
2018-07-29 15:30:40 DEBUG logging:192 - Logging Provider: org.jboss.logging.Log4jLoggerProvider
